[11:31:13] [main/INFO] (FabricLoader/GameProvider) Loading Minecraft 1.19 with Fabric Loader 0.14.8
[11:31:13] [main/INFO] (FabricLoader) Loading 43 mods:
	- fabric 0.57.0+1.19
	- fabric-api-base 0.4.9+e62f51a3a9
	- fabric-api-lookup-api-v1 1.6.7+9ff28f40a9
	- fabric-biome-api-v1 9.0.14+b2a4a624a9
	- fabric-blockrenderlayer-v1 1.1.18+9ff28f40a9
	- fabric-command-api-v2 2.1.2+0d55f585a9
	- fabric-content-registries-v0 3.2.0+07df213ea9
	- fabric-convention-tags-v1 1.0.8+37622d24a9
	- fabric-crash-report-info-v1 0.2.3+bd0a0d4aa9
	- fabric-data-generation-api-v1 5.1.1+a680b9b4a9
	- fabric-dimensions-v1 2.1.28+a6d2f785a9
	- fabric-entity-events-v1 1.4.16+9ff28f40a9
	- fabric-events-interaction-v0 0.4.26+9ff28f40a9
	- fabric-game-rule-api-v1 1.0.19+18990361a9
	- fabric-gametest-api-v1 1.0.32+e62f51a3a9
	- fabric-item-api-v1 1.5.4+767db26ea9
	- fabric-item-groups-v0 0.3.25+9ff28f40a9
	- fabric-key-binding-api-v1 1.0.18+9ff28f40a9
	- fabric-lifecycle-events-v1 2.1.0+33fbc738a9
	- fabric-loot-api-v2 1.1.0+03a4e568a9
	- fabric-message-api-v1 1.0.1+513f4a59a9
	- fabric-mining-level-api-v1 2.1.10+33fbc738a9
	- fabric-models-v0 0.3.15+9ff28f40a9
	- fabric-networking-api-v1 1.0.27+7fe97409a9
	- fabric-object-builder-api-v1 4.0.7+9ff28f40a9
	- fabric-particles-v1 1.0.8+dc39553aa9
	- fabric-registry-sync-v0 0.9.17+23c4cfefa9
	- fabric-renderer-api-v1 1.0.8+9ff28f40a9
	- fabric-renderer-indigo 0.6.9+1f92344ea9
	- fabric-rendering-data-attachment-v1 0.3.12+9ff28f40a9
	- fabric-rendering-fluids-v1 3.0.5+9ff28f40a9
	- fabric-rendering-v1 1.10.14+9ff28f40a9
	- fabric-resource-conditions-api-v1 2.0.9+e62f51a3a9
	- fabric-resource-loader-v0 0.5.5+a6d2f785a9
	- fabric-screen-api-v1 1.0.24+f05effafa9
	- fabric-screen-handler-api-v1 1.2.6+9ff28f40a9
	- fabric-textures-v0 1.0.18+9ff28f40a9
	- fabric-transfer-api-v1 2.0.9+e62f51a3a9
	- fabric-transitive-access-wideners-v1 1.1.1+9e7660c6a9
	- fabricloader 0.14.8
	- java 17
	- lamplightmod 0.1.0
	- minecraft 1.19
[11:31:13] [main/INFO] (FabricLoader/Mixin) SpongePowered MIXIN Subsystem Version=0.8.5 Source=file:/C:/Users/harum/.gradle/caches/modules-2/files-2.1/net.fabricmc/sponge-mixin/0.11.4+mixin.0.8.5/c1dc27696aa4006e492c2485c9ccbcb26045a971/sponge-mixin-0.11.4+mixin.0.8.5.jar Service=Knot/Fabric Env=CLIENT
[11:31:14] [main/INFO] (FabricLoader/Mixin) Loaded Fabric development mappings for mixin remapper!
[11:31:14] [main/INFO] (FabricLoader/Mixin) Compatibility level set to JAVA_16
[11:31:14] [main/INFO] (FabricLoader/Mixin) Compatibility level set to JAVA_17
[11:31:15] [main/WARN] (FileUtil) Configuration conflict: there is more than one oshi.properties file on the classpath
[11:31:16] [main/WARN] (FileUtil) Configuration conflict: there is more than one oshi.architecture.properties file on the classpath
[11:31:19] [main/INFO] (Minecraft) Building optimized datafixer
[11:31:23] [Render thread/INFO] (Minecraft) Environment: authHost='https://authserver.mojang.com', accountsHost='https://api.mojang.com', sessionHost='https://sessionserver.mojang.com', servicesHost='https://api.minecraftservices.com', name='PROD'
[11:31:24] [Render thread/ERROR] (fabric-screen-api-v1) Failed to verify authentication
com.mojang.authlib.exceptions.InvalidCredentialsException: Status: 401
	at com.mojang.authlib.exceptions.MinecraftClientHttpException.toAuthenticationException(MinecraftClientHttpException.java:56) ~[authlib-3.5.41.jar:?]
	at com.mojang.authlib.yggdrasil.YggdrasilUserApiService.fetchProperties(YggdrasilUserApiService.java:140) ~[authlib-3.5.41.jar:?]
	at com.mojang.authlib.yggdrasil.YggdrasilUserApiService.<init>(YggdrasilUserApiService.java:47) ~[authlib-3.5.41.jar:?]
	at com.mojang.authlib.yggdrasil.YggdrasilAuthenticationService.createUserApiService(YggdrasilAuthenticationService.java:158) ~[authlib-3.5.41.jar:?]
	at net.minecraft.client.MinecraftClient.createUserApiService(MinecraftClient.java:673) [minecraft-project-@-merged-named.jar:?]
	at net.minecraft.client.MinecraftClient.<init>(MinecraftClient.java:489) [minecraft-project-@-merged-named.jar:?]
	at net.minecraft.client.main.Main.main(Main.java:179) [minecraft-project-@-merged-named.jar:?]
	at net.fabricmc.loader.impl.game.minecraft.MinecraftGameProvider.launch(MinecraftGameProvider.java:461) [fabric-loader-0.14.8.jar:?]
	at net.fabricmc.loader.impl.launch.knot.Knot.launch(Knot.java:74) [fabric-loader-0.14.8.jar:?]
	at net.fabricmc.loader.impl.launch.knot.KnotClient.main(KnotClient.java:23) [fabric-loader-0.14.8.jar:?]
	at net.fabricmc.devlaunchinjector.Main.main(Main.java:86) [dev-launch-injector-0.2.1+build.8.jar:?]
Caused by: com.mojang.authlib.exceptions.MinecraftClientHttpException: Status: 401
	at com.mojang.authlib.minecraft.client.MinecraftClient.readInputStream(MinecraftClient.java:85) ~[authlib-3.5.41.jar:?]
	at com.mojang.authlib.minecraft.client.MinecraftClient.get(MinecraftClient.java:48) ~[authlib-3.5.41.jar:?]
	at com.mojang.authlib.yggdrasil.YggdrasilUserApiService.fetchProperties(YggdrasilUserApiService.java:121) ~[authlib-3.5.41.jar:?]
	... 9 more
[11:31:24] [Render thread/INFO] (fabric-screen-api-v1) Setting user: Player690
[11:31:25] [Render thread/INFO] (modid) Hello Fabric world!
[11:31:25] [Render thread/INFO] (Indigo) [Indigo] Registering Indigo renderer!
[11:31:26] [Render thread/INFO] (fabric-screen-api-v1) Backend library: LWJGL version 3.3.1 SNAPSHOT
[11:31:32] [Render thread/INFO] (Minecraft) Narrator library for x64 successfully loaded
[11:31:32] [Worker-Main-16/ERROR] (Minecraft) Failed to retrieve profile key pair
java.io.IOException: Could not retrieve profile key pair
	at net.minecraft.client.util.ProfileKeys.fetchKeyPair(ProfileKeys.java:165) ~[minecraft-project-@-merged-named.jar:?]
	at net.minecraft.client.util.ProfileKeys.method_44291(ProfileKeys.java:68) ~[minecraft-project-@-merged-named.jar:?]
	at java.util.concurrent.CompletableFuture$AsyncSupply.run(CompletableFuture.java:1768) [?:?]
	at java.util.concurrent.CompletableFuture$AsyncSupply.exec(CompletableFuture.java:1760) [?:?]
	at java.util.concurrent.ForkJoinTask.doExec(ForkJoinTask.java:373) [?:?]
	at java.util.concurrent.ForkJoinPool$WorkQueue.topLevelExec(ForkJoinPool.java:1182) [?:?]
	at java.util.concurrent.ForkJoinPool.scan(ForkJoinPool.java:1655) [?:?]
	at java.util.concurrent.ForkJoinPool.runWorker(ForkJoinPool.java:1622) [?:?]
	at java.util.concurrent.ForkJoinWorkerThread.run(ForkJoinWorkerThread.java:165) [?:?]
[11:31:32] [Render thread/INFO] (Minecraft) Reloading ResourceManager: Default, Fabric Mods (Fabric Transitive Access Wideners (v1), Fabric Dimensions API (v1), Fabric Rendering Fluids (v1), Fabric Convention Tags, Fabric Renderer API (v1), Fabric Renderer - Indigo, Fabric Resource Loader (v0), Fabric Game Rule API (v1), Fabric Item Groups (v0), Fabric Crash Report Info (v1), Fabric BlockRenderLayer Registration (v1), Fabric Particles (v1), Fabric Object Builder API (v1), Fabric Transfer API (v1), Fabric Item API (v1), Fabric Game Test API (v1), Fabric API Lookup API (v1), Fabric Lifecycle Events (v1), Fabric Entity Events (v1), Fabric Networking API (v1), Fabric Key Binding API (v1), Lamplight Mod, Fabric Biome API (v1), Fabric Loader, Fabric Events Interaction (v0), Fabric API Base, Fabric API, Fabric Data Generation API (v1), Fabric Message API (v1), Fabric Screen API (v1), Fabric Loot API (v2), Fabric Resource Conditions API (v1), Fabric Rendering Data Attachment (v1), Fabric Models (v0), Fabric Content Registries (v0), Fabric Textures (v0), Fabric Command API (v2), Fabric Screen Handler API (v1), Fabric Rendering (v1), Fabric Registry Sync (v0), Fabric Mining Level API (v1))
[11:31:32] [Render thread/INFO] (modid) This line is printed by an example mod mixin!
[11:31:33] [Realms Notification Availability checker #1/INFO] (Minecraft) Could not authorize you against Realms server: Invalid session id
[11:31:36] [Render thread/WARN] (Minecraft) Missing sound for event: minecraft:item.goat_horn.play
[11:31:36] [Render thread/WARN] (Minecraft) Missing sound for event: minecraft:entity.goat.screaming.horn_break
[11:31:37] [Render thread/INFO] (Minecraft) OpenAL initialized on device OpenAL Soft on Haruma Speakers (Realtek(R) Audio)
[11:31:37] [Render thread/INFO] (Minecraft) Sound engine started
[11:31:37] [Render thread/INFO] (Minecraft) Created: 1024x1024x4 minecraft:textures/atlas/blocks.png-atlas
[11:31:37] [Render thread/INFO] (Minecraft) Created: 256x128x4 minecraft:textures/atlas/signs.png-atlas
[11:31:37] [Render thread/INFO] (Minecraft) Created: 1024x512x4 minecraft:textures/atlas/banner_patterns.png-atlas
[11:31:37] [Render thread/INFO] (Minecraft) Created: 1024x512x4 minecraft:textures/atlas/shield_patterns.png-atlas
[11:31:37] [Render thread/INFO] (Minecraft) Created: 256x256x4 minecraft:textures/atlas/chest.png-atlas
[11:31:37] [Render thread/INFO] (Minecraft) Created: 512x256x4 minecraft:textures/atlas/beds.png-atlas
[11:31:37] [Render thread/INFO] (Minecraft) Created: 512x256x4 minecraft:textures/atlas/shulker_boxes.png-atlas
[11:31:38] [Render thread/WARN] (Minecraft) Shader rendertype_entity_translucent_emissive could not find sampler named Sampler2 in the specified shader program.
[11:31:38] [Render thread/INFO] (Minecraft) Created: 512x256x0 minecraft:textures/atlas/particles.png-atlas
[11:31:38] [Render thread/INFO] (Minecraft) Created: 256x256x0 minecraft:textures/atlas/paintings.png-atlas
[11:31:38] [Render thread/INFO] (Minecraft) Created: 256x128x0 minecraft:textures/atlas/mob_effects.png-atlas
[11:31:39] [Render thread/INFO] (modid) This line is printed by an example mod mixin!
[11:31:43] [Worker-Bootstrap-12/INFO] (Minecraft) 4256 Datafixer optimizations took 23778 milliseconds
[11:32:00] [Render thread/INFO] (modid) This line is printed by an example mod mixin!
[11:32:03] [Render thread/INFO] (Minecraft) Loaded 7 recipes
[11:32:03] [Render thread/INFO] (Minecraft) Loaded 1179 advancements
[11:32:04] [Render thread/INFO] (fabric-screen-api-v1) Stopping!
